  jsb_module_register.cpp
  main.cpp
  AppDelegate.cpp
c:\program files (x86)\microsoft visual studio\2017\community\vc\tools\msvc\14.16.27023\include\xlocale(319): warning C4530: Se ha utilizado el controlador de excepciones de C++, pero la semántica de desenredo no está habilitada. Especifique /EHsc (compilando archivo de origen ..\Classes\AppDelegate.cpp)
c:\program files (x86)\microsoft visual studio\2017\community\vc\tools\msvc\14.16.27023\include\xlocale(319): warning C4530: Se ha utilizado el controlador de excepciones de C++, pero la semántica de desenredo no está habilitada. Especifique /EHsc (compilando archivo de origen ..\Classes\jsb_module_register.cpp)
c:\program files (x86)\microsoft visual studio\2017\community\vc\tools\msvc\14.16.27023\include\xlocale(319): warning C4530: Se ha utilizado el controlador de excepciones de C++, pero la semántica de desenredo no está habilitada. Especifique /EHsc (compilando archivo de origen main.cpp)
libtiff-2015.lib(tif_win32.obj) : warning LNK4075: se omite '/EDITANDCONTINUE' debido a la especificación '/INCREMENTAL:NO'
     Creando biblioteca C:\Users\Maxi\Downloads\TP3\build\jsb-link\frameworks\runtime-src\proj.win32\Release.win32\TP3.lib y objeto C:\Users\Maxi\Downloads\TP3\build\jsb-link\frameworks\runtime-src\proj.win32\Release.win32\TP3.exp
LINK : warning LNK4098: la biblioteca predeterminada'LIBCMT' entra en conflicto con otras bibliotecas; use la biblioteca /NODEFAULTLIB:biblioteca
jsb_module_register.obj : warning LNK4217: se importó el símbolo ?clear@AutoreleasePool@cocos2d@@QAEXXZ (public: void __thiscall cocos2d::AutoreleasePool::clear(void)) definido localmente en la función "private: virtual void __thiscall std::_Func_impl_no_alloc<class <lambda_c5b63d1ec35da9f45e52f6b07e0fc7b5>,void>::_Do_call(void)" (?_Do_call@?$_Func_impl_no_alloc@V<lambda_c5b63d1ec35da9f45e52f6b07e0fc7b5>@@X$$V@std@@EAEXXZ)
jsb_module_register.obj : warning LNK4217: se importó el símbolo ?getInstance@PoolManager@cocos2d@@SAPAV12@XZ (public: static class cocos2d::PoolManager * __cdecl cocos2d::PoolManager::getInstance(void)) definido localmente en la función "private: virtual void __thiscall std::_Func_impl_no_alloc<class <lambda_c5b63d1ec35da9f45e52f6b07e0fc7b5>,void>::_Do_call(void)" (?_Do_call@?$_Func_impl_no_alloc@V<lambda_c5b63d1ec35da9f45e52f6b07e0fc7b5>@@X$$V@std@@EAEXXZ)
jsb_module_register.obj : warning LNK4217: se importó el símbolo ?getCurrentPool@PoolManager@cocos2d@@QBEPAVAutoreleasePool@2@XZ (public: class cocos2d::AutoreleasePool * __thiscall cocos2d::PoolManager::getCurrentPool(void)const ) definido localmente en la función "private: virtual void __thiscall std::_Func_impl_no_alloc<class <lambda_c5b63d1ec35da9f45e52f6b07e0fc7b5>,void>::_Do_call(void)" (?_Do_call@?$_Func_impl_no_alloc@V<lambda_c5b63d1ec35da9f45e52f6b07e0fc7b5>@@X$$V@std@@EAEXXZ)
main.obj : warning LNK4217: se importó el símbolo ?start@Application@cocos2d@@QAEXXZ (public: void __thiscall cocos2d::Application::start(void)) definido localmente en la función _wWinMain@16
AppDelegate.obj : warning LNK4217: se importó el símbolo ?log@cocos2d@@YAXPBDZZ (void __cdecl cocos2d::log(char const *,...)) definido localmente en la función "private: virtual void __thiscall std::_Func_impl_no_alloc<class <lambda_a2c85733628e11bde817bf6f96f7075f>,void,char const *,char const *,char const *>::_Do_call(char const * &&,char const * &&,char const * &&)" (?_Do_call@?$_Func_impl_no_alloc@V<lambda_a2c85733628e11bde817bf6f96f7075f>@@XPBDPBDPBD@std@@EAEX$$QAPBD00@Z)
AppDelegate.obj : warning LNK4217: se importó el símbolo ??0Application@cocos2d@@QAE@ABV?$basic_string@DU?$char_traits@D@std@@V?$allocator@D@2@@std@@HH@Z (public: __thiscall cocos2d::Application::Application(class std::basic_string<char,struct std::char_traits<char>,class std::allocator<char> > const &,int,int)) definido localmente en la función "public: __thiscall AppDelegate::AppDelegate(int,int)" (??0AppDelegate@@QAE@HH@Z)
AppDelegate.obj : warning LNK4217: se importó el símbolo ??1Application@cocos2d@@UAE@XZ (public: virtual __thiscall cocos2d::Application::~Application(void)) definido localmente en la función "public: virtual __thiscall AppDelegate::~AppDelegate(void)" (??1AppDelegate@@UAE@XZ)
libtiff-2015.lib(tif_aux.obj) : warning LNK4099: no se encontró PDB 'vc140.pdb' con 'libtiff-2015.lib(tif_aux.obj)' o en 'C:\Users\Maxi\Downloads\TP3\build\jsb-link\frameworks\runtime-src\proj.win32\Release.win32\vc140.pdb'; se vinculará el objeto sin tener en cuenta información de depuración
libtiff-2015.lib(tif_close.obj) : warning LNK4099: no se encontró PDB 'vc140.pdb' con 'libtiff-2015.lib(tif_close.obj)' o en 'C:\Users\Maxi\Downloads\TP3\build\jsb-link\frameworks\runtime-src\proj.win32\Release.win32\vc140.pdb'; se vinculará el objeto sin tener en cuenta información de depuración
libtiff-2015.lib(tif_codec.obj) : warning LNK4099: no se encontró PDB 'vc140.pdb' con 'libtiff-2015.lib(tif_codec.obj)' o en 'C:\Users\Maxi\Downloads\TP3\build\jsb-link\frameworks\runtime-src\proj.win32\Release.win32\vc140.pdb'; se vinculará el objeto sin tener en cuenta información de depuración
libtiff-2015.lib(tif_color.obj) : warning LNK4099: no se encontró PDB 'vc140.pdb' con 'libtiff-2015.lib(tif_color.obj)' o en 'C:\Users\Maxi\Downloads\TP3\build\jsb-link\frameworks\runtime-src\proj.win32\Release.win32\vc140.pdb'; se vinculará el objeto sin tener en cuenta información de depuración
libtiff-2015.lib(tif_compress.obj) : warning LNK4099: no se encontró PDB 'vc140.pdb' con 'libtiff-2015.lib(tif_compress.obj)' o en 'C:\Users\Maxi\Downloads\TP3\build\jsb-link\frameworks\runtime-src\proj.win32\Release.win32\vc140.pdb'; se vinculará el objeto sin tener en cuenta información de depuración
libtiff-2015.lib(tif_dir.obj) : warning LNK4099: no se encontró PDB 'vc140.pdb' con 'libtiff-2015.lib(tif_dir.obj)' o en 'C:\Users\Maxi\Downloads\TP3\build\jsb-link\frameworks\runtime-src\proj.win32\Release.win32\vc140.pdb'; se vinculará el objeto sin tener en cuenta información de depuración
libtiff-2015.lib(tif_dirinfo.obj) : warning LNK4099: no se encontró PDB 'vc140.pdb' con 'libtiff-2015.lib(tif_dirinfo.obj)' o en 'C:\Users\Maxi\Downloads\TP3\build\jsb-link\frameworks\runtime-src\proj.win32\Release.win32\vc140.pdb'; se vinculará el objeto sin tener en cuenta información de depuración
libtiff-2015.lib(tif_dirread.obj) : warning LNK4099: no se encontró PDB 'vc140.pdb' con 'libtiff-2015.lib(tif_dirread.obj)' o en 'C:\Users\Maxi\Downloads\TP3\build\jsb-link\frameworks\runtime-src\proj.win32\Release.win32\vc140.pdb'; se vinculará el objeto sin tener en cuenta información de depuración
libtiff-2015.lib(tif_dirwrite.obj) : warning LNK4099: no se encontró PDB 'vc140.pdb' con 'libtiff-2015.lib(tif_dirwrite.obj)' o en 'C:\Users\Maxi\Downloads\TP3\build\jsb-link\frameworks\runtime-src\proj.win32\Release.win32\vc140.pdb'; se vinculará el objeto sin tener en cuenta información de depuración
libtiff-2015.lib(tif_dumpmode.obj) : warning LNK4099: no se encontró PDB 'vc140.pdb' con 'libtiff-2015.lib(tif_dumpmode.obj)' o en 'C:\Users\Maxi\Downloads\TP3\build\jsb-link\frameworks\runtime-src\proj.win32\Release.win32\vc140.pdb'; se vinculará el objeto sin tener en cuenta información de depuración
libtiff-2015.lib(tif_error.obj) : warning LNK4099: no se encontró PDB 'vc140.pdb' con 'libtiff-2015.lib(tif_error.obj)' o en 'C:\Users\Maxi\Downloads\TP3\build\jsb-link\frameworks\runtime-src\proj.win32\Release.win32\vc140.pdb'; se vinculará el objeto sin tener en cuenta información de depuración
libtiff-2015.lib(tif_fax3.obj) : warning LNK4099: no se encontró PDB 'vc140.pdb' con 'libtiff-2015.lib(tif_fax3.obj)' o en 'C:\Users\Maxi\Downloads\TP3\build\jsb-link\frameworks\runtime-src\proj.win32\Release.win32\vc140.pdb'; se vinculará el objeto sin tener en cuenta información de depuración
libtiff-2015.lib(tif_fax3sm.obj) : warning LNK4099: no se encontró PDB 'vc140.pdb' con 'libtiff-2015.lib(tif_fax3sm.obj)' o en 'C:\Users\Maxi\Downloads\TP3\build\jsb-link\frameworks\runtime-src\proj.win32\Release.win32\vc140.pdb'; se vinculará el objeto sin tener en cuenta información de depuración
libtiff-2015.lib(tif_getimage.obj) : warning LNK4099: no se encontró PDB 'vc140.pdb' con 'libtiff-2015.lib(tif_getimage.obj)' o en 'C:\Users\Maxi\Downloads\TP3\build\jsb-link\frameworks\runtime-src\proj.win32\Release.win32\vc140.pdb'; se vinculará el objeto sin tener en cuenta información de depuración
libtiff-2015.lib(tif_flush.obj) : warning LNK4099: no se encontró PDB 'vc140.pdb' con 'libtiff-2015.lib(tif_flush.obj)' o en 'C:\Users\Maxi\Downloads\TP3\build\jsb-link\frameworks\runtime-src\proj.win32\Release.win32\vc140.pdb'; se vinculará el objeto sin tener en cuenta información de depuración
libtiff-2015.lib(tif_luv.obj) : warning LNK4099: no se encontró PDB 'vc140.pdb' con 'libtiff-2015.lib(tif_luv.obj)' o en 'C:\Users\Maxi\Downloads\TP3\build\jsb-link\frameworks\runtime-src\proj.win32\Release.win32\vc140.pdb'; se vinculará el objeto sin tener en cuenta información de depuración
libtiff-2015.lib(tif_lzw.obj) : warning LNK4099: no se encontró PDB 'vc140.pdb' con 'libtiff-2015.lib(tif_lzw.obj)' o en 'C:\Users\Maxi\Downloads\TP3\build\jsb-link\frameworks\runtime-src\proj.win32\Release.win32\vc140.pdb'; se vinculará el objeto sin tener en cuenta información de depuración
libtiff-2015.lib(tif_next.obj) : warning LNK4099: no se encontró PDB 'vc140.pdb' con 'libtiff-2015.lib(tif_next.obj)' o en 'C:\Users\Maxi\Downloads\TP3\build\jsb-link\frameworks\runtime-src\proj.win32\Release.win32\vc140.pdb'; se vinculará el objeto sin tener en cuenta información de depuración
libtiff-2015.lib(tif_open.obj) : warning LNK4099: no se encontró PDB 'vc140.pdb' con 'libtiff-2015.lib(tif_open.obj)' o en 'C:\Users\Maxi\Downloads\TP3\build\jsb-link\frameworks\runtime-src\proj.win32\Release.win32\vc140.pdb'; se vinculará el objeto sin tener en cuenta información de depuración
libtiff-2015.lib(tif_packbits.obj) : warning LNK4099: no se encontró PDB 'vc140.pdb' con 'libtiff-2015.lib(tif_packbits.obj)' o en 'C:\Users\Maxi\Downloads\TP3\build\jsb-link\frameworks\runtime-src\proj.win32\Release.win32\vc140.pdb'; se vinculará el objeto sin tener en cuenta información de depuración
libtiff-2015.lib(tif_predict.obj) : warning LNK4099: no se encontró PDB 'vc140.pdb' con 'libtiff-2015.lib(tif_predict.obj)' o en 'C:\Users\Maxi\Downloads\TP3\build\jsb-link\frameworks\runtime-src\proj.win32\Release.win32\vc140.pdb'; se vinculará el objeto sin tener en cuenta información de depuración
libtiff-2015.lib(tif_read.obj) : warning LNK4099: no se encontró PDB 'vc140.pdb' con 'libtiff-2015.lib(tif_read.obj)' o en 'C:\Users\Maxi\Downloads\TP3\build\jsb-link\frameworks\runtime-src\proj.win32\Release.win32\vc140.pdb'; se vinculará el objeto sin tener en cuenta información de depuración
libtiff-2015.lib(tif_swab.obj) : warning LNK4099: no se encontró PDB 'vc140.pdb' con 'libtiff-2015.lib(tif_swab.obj)' o en 'C:\Users\Maxi\Downloads\TP3\build\jsb-link\frameworks\runtime-src\proj.win32\Release.win32\vc140.pdb'; se vinculará el objeto sin tener en cuenta información de depuración
libtiff-2015.lib(tif_strip.obj) : warning LNK4099: no se encontró PDB 'vc140.pdb' con 'libtiff-2015.lib(tif_strip.obj)' o en 'C:\Users\Maxi\Downloads\TP3\build\jsb-link\frameworks\runtime-src\proj.win32\Release.win32\vc140.pdb'; se vinculará el objeto sin tener en cuenta información de depuración
libtiff-2015.lib(tif_thunder.obj) : warning LNK4099: no se encontró PDB 'vc140.pdb' con 'libtiff-2015.lib(tif_thunder.obj)' o en 'C:\Users\Maxi\Downloads\TP3\build\jsb-link\frameworks\runtime-src\proj.win32\Release.win32\vc140.pdb'; se vinculará el objeto sin tener en cuenta información de depuración
libtiff-2015.lib(tif_tile.obj) : warning LNK4099: no se encontró PDB 'vc140.pdb' con 'libtiff-2015.lib(tif_tile.obj)' o en 'C:\Users\Maxi\Downloads\TP3\build\jsb-link\frameworks\runtime-src\proj.win32\Release.win32\vc140.pdb'; se vinculará el objeto sin tener en cuenta información de depuración
libtiff-2015.lib(tif_warning.obj) : warning LNK4099: no se encontró PDB 'vc140.pdb' con 'libtiff-2015.lib(tif_warning.obj)' o en 'C:\Users\Maxi\Downloads\TP3\build\jsb-link\frameworks\runtime-src\proj.win32\Release.win32\vc140.pdb'; se vinculará el objeto sin tener en cuenta información de depuración
libtiff-2015.lib(tif_write.obj) : warning LNK4099: no se encontró PDB 'vc140.pdb' con 'libtiff-2015.lib(tif_write.obj)' o en 'C:\Users\Maxi\Downloads\TP3\build\jsb-link\frameworks\runtime-src\proj.win32\Release.win32\vc140.pdb'; se vinculará el objeto sin tener en cuenta información de depuración
libtiff-2015.lib(tif_win32.obj) : warning LNK4099: no se encontró PDB 'vc140.pdb' con 'libtiff-2015.lib(tif_win32.obj)' o en 'C:\Users\Maxi\Downloads\TP3\build\jsb-link\frameworks\runtime-src\proj.win32\Release.win32\vc140.pdb'; se vinculará el objeto sin tener en cuenta información de depuración
  TP3.vcxproj -> C:\Users\Maxi\Downloads\TP3\build\jsb-link\frameworks\runtime-src\proj.win32\Release.win32\TP3.exe
  Performing Custom Build Step
  C:\Users\Maxi\Downloads\TP3\build\jsb-link\src\cocos2d-jsb.b072a.jsc -> C:\Users\Maxi\Downloads\TP3\build\jsb-link\frameworks\runtime-src\proj.win32\Release.win32\src\cocos2d-jsb.b072a.jsc
  C:\Users\Maxi\Downloads\TP3\build\jsb-link\src\physics.10dcf.jsc -> C:\Users\Maxi\Downloads\TP3\build\jsb-link\frameworks\runtime-src\proj.win32\Release.win32\src\physics.10dcf.jsc
  C:\Users\Maxi\Downloads\TP3\build\jsb-link\src\settings.2b009.jsc -> C:\Users\Maxi\Downloads\TP3\build\jsb-link\frameworks\runtime-src\proj.win32\Release.win32\src\settings.2b009.jsc
  3 archivo(s) copiado(s)
  C:\Users\Maxi\Downloads\TP3\build\jsb-link\assets\internal\config.395b1.json -> C:\Users\Maxi\Downloads\TP3\build\jsb-link\frameworks\runtime-src\proj.win32\Release.win32\assets\internal\config.395b1.json
  C:\Users\Maxi\Downloads\TP3\build\jsb-link\assets\internal\index.395b1.jsc -> C:\Users\Maxi\Downloads\TP3\build\jsb-link\frameworks\runtime-src\proj.win32\Release.win32\assets\internal\index.395b1.jsc
  C:\Users\Maxi\Downloads\TP3\build\jsb-link\assets\internal\import\0b\0b6c4470e.f9695.json -> C:\Users\Maxi\Downloads\TP3\build\jsb-link\frameworks\runtime-src\proj.win32\Release.win32\assets\internal\import\0b\0b6c4470e.f9695.json
  C:\Users\Maxi\Downloads\TP3\build\jsb-link\assets\internal\native\02\0275e94c-56a7-410f-bd1a-fc7483f7d14a.cea68.png -> C:\Users\Maxi\Downloads\TP3\build\jsb-link\frameworks\runtime-src\proj.win32\Release.win32\assets\internal\native\02\0275e94c-56a7-410f-bd1a-fc7483f7d14a.cea68.png
  C:\Users\Maxi\Downloads\TP3\build\jsb-link\assets\internal\native\60\600301aa-3357-4a10-b086-84f011fa32ba.c3a3a.png -> C:\Users\Maxi\Downloads\TP3\build\jsb-link\frameworks\runtime-src\proj.win32\Release.win32\assets\internal\native\60\600301aa-3357-4a10-b086-84f011fa32ba.c3a3a.png
  C:\Users\Maxi\Downloads\TP3\build\jsb-link\assets\main\config.3a699.json -> C:\Users\Maxi\Downloads\TP3\build\jsb-link\frameworks\runtime-src\proj.win32\Release.win32\assets\main\config.3a699.json
  C:\Users\Maxi\Downloads\TP3\build\jsb-link\assets\main\index.3a699.jsc -> C:\Users\Maxi\Downloads\TP3\build\jsb-link\frameworks\runtime-src\proj.win32\Release.win32\assets\main\index.3a699.jsc
  C:\Users\Maxi\Downloads\TP3\build\jsb-link\assets\main\import\01\014ff92b9.5447e.json -> C:\Users\Maxi\Downloads\TP3\build\jsb-link\frameworks\runtime-src\proj.win32\Release.win32\assets\main\import\01\014ff92b9.5447e.json
  C:\Users\Maxi\Downloads\TP3\build\jsb-link\assets\main\import\01\019ea44b1.2c7a8.json -> C:\Users\Maxi\Downloads\TP3\build\jsb-link\frameworks\runtime-src\proj.win32\Release.win32\assets\main\import\01\019ea44b1.2c7a8.json
  C:\Users\Maxi\Downloads\TP3\build\jsb-link\assets\main\import\03\03b4e4a33.a3555.json -> C:\Users\Maxi\Downloads\TP3\build\jsb-link\frameworks\runtime-src\proj.win32\Release.win32\assets\main\import\03\03b4e4a33.a3555.json
  C:\Users\Maxi\Downloads\TP3\build\jsb-link\assets\main\import\04\04d42f593.d87bf.json -> C:\Users\Maxi\Downloads\TP3\build\jsb-link\frameworks\runtime-src\proj.win32\Release.win32\assets\main\import\04\04d42f593.d87bf.json
  C:\Users\Maxi\Downloads\TP3\build\jsb-link\assets\main\import\07\070942b3c.29ce5.json -> C:\Users\Maxi\Downloads\TP3\build\jsb-link\frameworks\runtime-src\proj.win32\Release.win32\assets\main\import\07\070942b3c.29ce5.json
  C:\Users\Maxi\Downloads\TP3\build\jsb-link\assets\main\import\07\0747f6034.6c66b.json -> C:\Users\Maxi\Downloads\TP3\build\jsb-link\frameworks\runtime-src\proj.win32\Release.win32\assets\main\import\07\0747f6034.6c66b.json
  C:\Users\Maxi\Downloads\TP3\build\jsb-link\assets\main\import\07\079752a6f.c8974.json -> C:\Users\Maxi\Downloads\TP3\build\jsb-link\frameworks\runtime-src\proj.win32\Release.win32\assets\main\import\07\079752a6f.c8974.json
  C:\Users\Maxi\Downloads\TP3\build\jsb-link\assets\main\import\08\0866bbb19.99abb.json -> C:\Users\Maxi\Downloads\TP3\build\jsb-link\frameworks\runtime-src\proj.win32\Release.win32\assets\main\import\08\0866bbb19.99abb.json
  C:\Users\Maxi\Downloads\TP3\build\jsb-link\assets\main\import\08\08d124518.8d9c0.json -> C:\Users\Maxi\Downloads\TP3\build\jsb-link\frameworks\runtime-src\proj.win32\Release.win32\assets\main\import\08\08d124518.8d9c0.json
  C:\Users\Maxi\Downloads\TP3\build\jsb-link\assets\main\import\0b\0bb1f14d5.69061.json -> C:\Users\Maxi\Downloads\TP3\build\jsb-link\frameworks\runtime-src\proj.win32\Release.win32\assets\main\import\0b\0bb1f14d5.69061.json
  C:\Users\Maxi\Downloads\TP3\build\jsb-link\assets\main\import\0c\0cafa4598.41c48.json -> C:\Users\Maxi\Downloads\TP3\build\jsb-link\frameworks\runtime-src\proj.win32\Release.win32\assets\main\import\0c\0cafa4598.41c48.json
  C:\Users\Maxi\Downloads\TP3\build\jsb-link\assets\main\import\0e\0e64ecda1.dd3ae.json -> C:\Users\Maxi\Downloads\TP3\build\jsb-link\frameworks\runtime-src\proj.win32\Release.win32\assets\main\import\0e\0e64ecda1.dd3ae.json
  C:\Users\Maxi\Downloads\TP3\build\jsb-link\assets\main\import\40\401f221d-4af7-47fd-ae1a-da9d0390c995.a08f5.json -> C:\Users\Maxi\Downloads\TP3\build\jsb-link\frameworks\runtime-src\proj.win32\Release.win32\assets\main\import\40\401f221d-4af7-47fd-ae1a-da9d0390c995.a08f5.json
  C:\Users\Maxi\Downloads\TP3\build\jsb-link\assets\main\native\05\05bb743c-7ca8-47b2-88f9-0125e6d12070.297ec.png -> C:\Users\Maxi\Downloads\TP3\build\jsb-link\frameworks\runtime-src\proj.win32\Release.win32\assets\main\native\05\05bb743c-7ca8-47b2-88f9-0125e6d12070.297ec.png
  C:\Users\Maxi\Downloads\TP3\build\jsb-link\assets\main\native\12\12ca9e4d-0e10-48b6-b7b9-f4c09b362188.7bd17.png -> C:\Users\Maxi\Downloads\TP3\build\jsb-link\frameworks\runtime-src\proj.win32\Release.win32\assets\main\native\12\12ca9e4d-0e10-48b6-b7b9-f4c09b362188.7bd17.png
  C:\Users\Maxi\Downloads\TP3\build\jsb-link\assets\main\native\15\15e3f429-5589-4b76-a410-0932851d65b0.f5f29.png -> C:\Users\Maxi\Downloads\TP3\build\jsb-link\frameworks\runtime-src\proj.win32\Release.win32\assets\main\native\15\15e3f429-5589-4b76-a410-0932851d65b0.f5f29.png
  C:\Users\Maxi\Downloads\TP3\build\jsb-link\assets\main\native\34\3470d81e-4bd4-45d4-a972-09ea947ba90d.cd0af.png -> C:\Users\Maxi\Downloads\TP3\build\jsb-link\frameworks\runtime-src\proj.win32\Release.win32\assets\main\native\34\3470d81e-4bd4-45d4-a972-09ea947ba90d.cd0af.png
  C:\Users\Maxi\Downloads\TP3\build\jsb-link\assets\main\native\37\37120925-af79-441f-8fe2-900b4a2a79d2.e6f39.png -> C:\Users\Maxi\Downloads\TP3\build\jsb-link\frameworks\runtime-src\proj.win32\Release.win32\assets\main\native\37\37120925-af79-441f-8fe2-900b4a2a79d2.e6f39.png
  C:\Users\Maxi\Downloads\TP3\build\jsb-link\assets\main\native\3d\3d30a3f6-a415-470a-bd9e-831b0430a282.0bae9.png -> C:\Users\Maxi\Downloads\TP3\build\jsb-link\frameworks\runtime-src\proj.win32\Release.win32\assets\main\native\3d\3d30a3f6-a415-470a-bd9e-831b0430a282.0bae9.png
  C:\Users\Maxi\Downloads\TP3\build\jsb-link\assets\main\native\42\42a98ab8-7c62-4aea-bd9c-636ad7c8081b.4ffec.png -> C:\Users\Maxi\Downloads\TP3\build\jsb-link\frameworks\runtime-src\proj.win32\Release.win32\assets\main\native\42\42a98ab8-7c62-4aea-bd9c-636ad7c8081b.4ffec.png
  C:\Users\Maxi\Downloads\TP3\build\jsb-link\assets\main\native\4c\4c01b222-00ff-47c2-87d2-b3caa55e84b5.df509.png -> C:\Users\Maxi\Downloads\TP3\build\jsb-link\frameworks\runtime-src\proj.win32\Release.win32\assets\main\native\4c\4c01b222-00ff-47c2-87d2-b3caa55e84b5.df509.png
  C:\Users\Maxi\Downloads\TP3\build\jsb-link\assets\main\native\59\5999ea10-0f3c-4fba-90cf-aa3f6e2035ce.2531c.png -> C:\Users\Maxi\Downloads\TP3\build\jsb-link\frameworks\runtime-src\proj.win32\Release.win32\assets\main\native\59\5999ea10-0f3c-4fba-90cf-aa3f6e2035ce.2531c.png
  C:\Users\Maxi\Downloads\TP3\build\jsb-link\assets\main\native\6d\6db551ce-3299-41ae-89bc-5a2d4541bb26.b9acc.png -> C:\Users\Maxi\Downloads\TP3\build\jsb-link\frameworks\runtime-src\proj.win32\Release.win32\assets\main\native\6d\6db551ce-3299-41ae-89bc-5a2d4541bb26.b9acc.png
  C:\Users\Maxi\Downloads\TP3\build\jsb-link\assets\main\native\70\7086579d-effb-4e2a-9195-414425f6a797.c5072.png -> C:\Users\Maxi\Downloads\TP3\build\jsb-link\frameworks\runtime-src\proj.win32\Release.win32\assets\main\native\70\7086579d-effb-4e2a-9195-414425f6a797.c5072.png
  C:\Users\Maxi\Downloads\TP3\build\jsb-link\assets\main\native\76\764301d3-0e44-44f0-9679-85a4f2f60cb0.18534.png -> C:\Users\Maxi\Downloads\TP3\build\jsb-link\frameworks\runtime-src\proj.win32\Release.win32\assets\main\native\76\764301d3-0e44-44f0-9679-85a4f2f60cb0.18534.png
  C:\Users\Maxi\Downloads\TP3\build\jsb-link\assets\main\native\78\783a2721-a5c4-46b4-9509-850e68f52969.ace1d.png -> C:\Users\Maxi\Downloads\TP3\build\jsb-link\frameworks\runtime-src\proj.win32\Release.win32\assets\main\native\78\783a2721-a5c4-46b4-9509-850e68f52969.ace1d.png
  C:\Users\Maxi\Downloads\TP3\build\jsb-link\assets\main\native\7e\7e476df8-4f28-4ec1-b52d-fc4dd4c0ad25.de6d8.png -> C:\Users\Maxi\Downloads\TP3\build\jsb-link\frameworks\runtime-src\proj.win32\Release.win32\assets\main\native\7e\7e476df8-4f28-4ec1-b52d-fc4dd4c0ad25.de6d8.png
  C:\Users\Maxi\Downloads\TP3\build\jsb-link\assets\main\native\8f\8f2663c1-22ec-4ff1-aff2-678e11d74728.bf7ec.png -> C:\Users\Maxi\Downloads\TP3\build\jsb-link\frameworks\runtime-src\proj.win32\Release.win32\assets\main\native\8f\8f2663c1-22ec-4ff1-aff2-678e11d74728.bf7ec.png
  C:\Users\Maxi\Downloads\TP3\build\jsb-link\assets\main\native\98\989d05b2-75bb-4644-ae16-6c0e84f8489b.0cd35.png -> C:\Users\Maxi\Downloads\TP3\build\jsb-link\frameworks\runtime-src\proj.win32\Release.win32\assets\main\native\98\989d05b2-75bb-4644-ae16-6c0e84f8489b.0cd35.png
  C:\Users\Maxi\Downloads\TP3\build\jsb-link\assets\main\native\98\98ae2fd7-bf5d-4eb5-8c69-e4e514ab67f5.4f9ef.png -> C:\Users\Maxi\Downloads\TP3\build\jsb-link\frameworks\runtime-src\proj.win32\Release.win32\assets\main\native\98\98ae2fd7-bf5d-4eb5-8c69-e4e514ab67f5.4f9ef.png
  C:\Users\Maxi\Downloads\TP3\build\jsb-link\assets\main\native\ab\ab653715-3ffa-4d4b-a2b4-101f72586ee4.05704.png -> C:\Users\Maxi\Downloads\TP3\build\jsb-link\frameworks\runtime-src\proj.win32\Release.win32\assets\main\native\ab\ab653715-3ffa-4d4b-a2b4-101f72586ee4.05704.png
  C:\Users\Maxi\Downloads\TP3\build\jsb-link\assets\main\native\c2\c2947427-c3c3-4fe6-93ed-328af0344b02.c4150.png -> C:\Users\Maxi\Downloads\TP3\build\jsb-link\frameworks\runtime-src\proj.win32\Release.win32\assets\main\native\c2\c2947427-c3c3-4fe6-93ed-328af0344b02.c4150.png
  C:\Users\Maxi\Downloads\TP3\build\jsb-link\assets\main\native\c2\c29eea75-67a6-457c-82b9-42cbb7d0afc2.a9924.png -> C:\Users\Maxi\Downloads\TP3\build\jsb-link\frameworks\runtime-src\proj.win32\Release.win32\assets\main\native\c2\c29eea75-67a6-457c-82b9-42cbb7d0afc2.a9924.png
  C:\Users\Maxi\Downloads\TP3\build\jsb-link\assets\main\native\cd\cd727489-c3b2-442a-a0d9-246fb86d23a9.c1880.png -> C:\Users\Maxi\Downloads\TP3\build\jsb-link\frameworks\runtime-src\proj.win32\Release.win32\assets\main\native\cd\cd727489-c3b2-442a-a0d9-246fb86d23a9.c1880.png
  C:\Users\Maxi\Downloads\TP3\build\jsb-link\assets\main\native\d6\d613e0dc-414a-4d16-8e01-7a3f6e6eafb9.9a8b7.png -> C:\Users\Maxi\Downloads\TP3\build\jsb-link\frameworks\runtime-src\proj.win32\Release.win32\assets\main\native\d6\d613e0dc-414a-4d16-8e01-7a3f6e6eafb9.9a8b7.png
  C:\Users\Maxi\Downloads\TP3\build\jsb-link\assets\main\native\ec\ec53f9e6-05bd-4b20-975e-23e66bcc36c9.c9ae3.png -> C:\Users\Maxi\Downloads\TP3\build\jsb-link\frameworks\runtime-src\proj.win32\Release.win32\assets\main\native\ec\ec53f9e6-05bd-4b20-975e-23e66bcc36c9.c9ae3.png
  C:\Users\Maxi\Downloads\TP3\build\jsb-link\assets\main\native\f3\f3c56169-63ad-4117-b71e-3f9dc176c144.f08c6.png -> C:\Users\Maxi\Downloads\TP3\build\jsb-link\frameworks\runtime-src\proj.win32\Release.win32\assets\main\native\f3\f3c56169-63ad-4117-b71e-3f9dc176c144.f08c6.png
  44 archivo(s) copiado(s)
  C:\Users\Maxi\Downloads\TP3\build\jsb-link\jsb-adapter\jsb-builtin.js -> C:\Users\Maxi\Downloads\TP3\build\jsb-link\frameworks\runtime-src\proj.win32\Release.win32\jsb-adapter\jsb-builtin.js
  C:\Users\Maxi\Downloads\TP3\build\jsb-link\jsb-adapter\jsb-engine.js -> C:\Users\Maxi\Downloads\TP3\build\jsb-link\frameworks\runtime-src\proj.win32\Release.win32\jsb-adapter\jsb-engine.js
  2 archivo(s) copiado(s)
          1 archivo(s) copiado(s).
          1 archivo(s) copiado(s).
